22:38:23.746 [main] INFO  TestCases.TC_002_ClickDropdown - Base Page loaded sucessfully.......
22:38:29.308 [main] INFO  TestCases.TC_002_ClickDropdown - ------Getting Header Items ---
22:38:29.843 [main] INFO  TestCases.TC_002_ClickDropdown - ------Getting Sub Header & Hover menu Items ---
22:42:11.012 [main] INFO  TestCases.TC_002_ClickDropdown - browser closed successfully....
22:42:16.855 [main] INFO  TestCases.TC_003_EthicsandCompliance - chrome browser opened successfully
22:42:18.492 [main] INFO  TestCases.TC_003_EthicsandCompliance - Base Page loaded sucessfully.......
22:42:23.584 [main] INFO  TestCases.TC_003_EthicsandCompliance - *********** TC_003_EthicsandCompliance started *************
22:42:23.871 [main] INFO  TestCases.TC_003_EthicsandCompliance - Click on Corporate function.....
22:42:24.235 [main] INFO  TestCases.TC_003_EthicsandCompliance - Hover to the desiered option...
22:42:24.870 [main] INFO  TestCases.TC_003_EthicsandCompliance - Click on the ethics and compliance....
22:42:30.502 [main] INFO  TestCases.TC_003_EthicsandCompliance - Page exist...
22:42:31.251 [main] INFO  TestCases.TC_003_EthicsandCompliance - *********** TC_003_EthicsandCompliance finished *************
22:42:32.651 [main] INFO  TestCases.TC_003_EthicsandCompliance - browser closed successfully....
22:44:23.979 [main] INFO  TestCases.TC_002_ClickDropdown - chrome browser opened successfully
22:44:24.662 [main] INFO  TestCases.TC_002_ClickDropdown - Base Page loaded sucessfully.......
22:44:28.691 [main] INFO  TestCases.TC_002_ClickDropdown - ------Getting Header Items ---
22:44:31.966 [main] INFO  TestCases.TC_002_ClickDropdown - ------Getting Sub Header & Hover menu Items ---
22:44:35.654 [main] INFO  TestCases.TC_002_ClickDropdown - browser closed successfully....
22:46:26.182 [main] INFO  TestCases.TC_002_ClickDropdown - chrome browser opened successfully
22:46:27.911 [main] INFO  TestCases.TC_002_ClickDropdown - Base Page loaded sucessfully.......
22:46:56.507 [main] INFO  TestCases.TC_002_ClickDropdown - ------Getting Header Items ---
22:46:59.230 [main] INFO  TestCases.TC_002_ClickDropdown - ------Getting Sub Header & Hover menu Items ---
22:47:24.988 [main] INFO  TestCases.TC_002_ClickDropdown - browser closed successfully....
22:59:49.919 [main] INFO  TestCases.TC_002_ClickDropdown - chrome browser opened successfully
22:59:50.898 [main] INFO  TestCases.TC_002_ClickDropdown - Base Page loaded sucessfully.......
22:59:56.694 [main] INFO  TestCases.TC_002_ClickDropdown - ------Getting Header Items ---
22:59:58.789 [main] INFO  TestCases.TC_002_ClickDropdown - ------Getting Sub Header & Hover menu Items ---
23:00:26.156 [main] INFO  TestCases.TC_002_ClickDropdown - browser closed successfully....
23:09:43.640 [main] INFO  TestCases.TC_002_ClickDropdown - chrome browser opened successfully
23:10:54.070 [main] INFO  TestCases.TC_002_ClickDropdown - Base Page loaded sucessfully.......
23:11:37.805 [main] INFO  TestCases.TC_002_ClickDropdown - chrome browser opened successfully
23:11:39.352 [main] INFO  TestCases.TC_002_ClickDropdown - Base Page loaded sucessfully.......
23:11:43.945 [main] INFO  TestCases.TC_002_ClickDropdown - ------Getting Header Items ---
23:11:46.195 [main] INFO  TestCases.TC_002_ClickDropdown - ------Getting Sub Header & Hover menu Items ---
23:12:13.900 [main] INFO  TestCases.TC_002_ClickDropdown - browser closed successfully....
23:29:14.748 [main] INFO  TestCases.TC_002_ClickDropdown - chrome browser opened successfully
23:29:16.567 [main] INFO  TestCases.TC_002_ClickDropdown - Base Page loaded sucessfully.......
23:29:21.547 [main] INFO  TestCases.TC_002_ClickDropdown - ------Getting Header Items ---
23:29:22.258 [main] INFO  TestCases.TC_002_ClickDropdown - ------Getting Sub Header & Hover menu Items ---
23:33:02.148 [main] INFO  TestCases.TC_002_ClickDropdown - browser closed successfully....
23:37:59.134 [main] INFO  TestCases.TC_002_ClickDropdown - chrome browser opened successfully
23:38:01.307 [main] INFO  TestCases.TC_002_ClickDropdown - Base Page loaded sucessfully.......
23:38:02.739 [main] INFO  TestCases.TC_002_ClickDropdown - ------Getting Header Items ---
23:38:52.841 [main] INFO  TestCases.TC_002_ClickDropdown - chrome browser opened successfully
23:39:01.138 [main] INFO  TestCases.TC_002_ClickDropdown - Base Page loaded sucessfully.......
23:39:01.534 [main] INFO  TestCases.TC_002_ClickDropdown - ------Getting Header Items ---
23:39:04.417 [main] INFO  TestCases.TC_002_ClickDropdown - ------Getting Sub Header & Hover menu Items ---
23:39:32.163 [main] INFO  TestCases.TC_002_ClickDropdown - browser closed successfully....
23:41:16.758 [main] INFO  TestCases.TC_001_UserVerification - chrome browser opened successfully
23:41:22.746 [main] INFO  TestCases.TC_001_UserVerification - Base Page loaded sucessfully.......
23:41:23.358 [main] INFO  TestCases.TC_001_UserVerification - *****************Start the TC_001_UserVerification****************
