11:28:28.013 [main] INFO  TestCases.TC_003_EthicsandCompliance - Base Page loaded sucessfully.......
11:28:52.832 [main] INFO  TestCases.TC_003_EthicsandCompliance - *********** TC_003_EthicsandCompliance started *************
11:28:53.105 [main] INFO  TestCases.TC_003_EthicsandCompliance - Click on Corporate function.....
11:28:53.461 [main] INFO  TestCases.TC_003_EthicsandCompliance - Hover to the desiered option...
11:29:15.559 [main] INFO  TestCases.TC_003_EthicsandCompliance - browser closed successfully....
11:30:54.188 [main] INFO  TestCases.TC_001_UserVerification - chrome browser opened successfully
11:30:59.644 [main] INFO  TestCases.TC_001_UserVerification - Base Page loaded sucessfully.......
11:31:41.133 [main] INFO  TestCases.TC_001_UserVerification - *****************Start the TC_001_UserVerification****************
11:31:41.134 [main] INFO  TestCases.TC_001_UserVerification - click on userdetail button..........
11:31:41.702 [main] INFO  TestCases.TC_001_UserVerification - screenshot is taken...
11:32:02.526 [main] INFO  TestCases.TC_001_UserVerification - get the username and email...
11:32:04.532 [main] INFO  TestCases.TC_001_UserVerification - write the data in excel
11:32:04.532 [main] INFO  TestCases.TC_001_UserVerification - *****************End the TC_001_UserVerification****************
11:32:05.954 [main] INFO  TestCases.TC_001_UserVerification - browser closed successfully....
11:32:11.859 [main] INFO  TestCases.TC_002_ClickDropdown - chrome browser opened successfully
11:32:17.970 [main] INFO  TestCases.TC_002_ClickDropdown - Base Page loaded sucessfully.......
11:32:55.884 [main] INFO  TestCases.TC_002_ClickDropdown - ------Getting Header Items ---
11:32:56.598 [main] INFO  TestCases.TC_002_ClickDropdown - ------Getting Sub Header & Hover menu Items ---
11:36:53.396 [main] INFO  TestCases.TC_002_ClickDropdown - browser closed successfully....
11:37:01.076 [main] INFO  TestCases.TC_003_EthicsandCompliance - chrome browser opened successfully
11:37:02.806 [main] INFO  TestCases.TC_003_EthicsandCompliance - Base Page loaded sucessfully.......
11:37:17.644 [main] INFO  TestCases.TC_003_EthicsandCompliance - *********** TC_003_EthicsandCompliance started *************
11:37:17.956 [main] INFO  TestCases.TC_003_EthicsandCompliance - Click on Corporate function.....
11:37:18.316 [main] INFO  TestCases.TC_003_EthicsandCompliance - Hover to the desiered option...
11:37:41.542 [main] INFO  TestCases.TC_003_EthicsandCompliance - browser closed successfully....
12:21:19.355 [main] INFO  TestCases.TC_002_ClickDropdown - chrome browser opened successfully
12:22:06.987 [main] INFO  TestCases.TC_002_ClickDropdown - Base Page loaded sucessfully.......
12:22:07.561 [main] INFO  TestCases.TC_002_ClickDropdown - ------Getting Header Items ---
12:22:10.718 [main] INFO  TestCases.TC_002_ClickDropdown - ------Getting Sub Header & Hover menu Items ---
12:25:49.410 [main] INFO  TestCases.TC_002_ClickDropdown - browser closed successfully....
13:33:44.068 [main] INFO  TestCases.TC_002_ClickDropdown - chrome browser opened successfully
13:34:17.956 [main] INFO  TestCases.TC_002_ClickDropdown - Base Page loaded sucessfully.......
13:34:18.504 [main] INFO  TestCases.TC_002_ClickDropdown - ------Getting Header Items ---
13:34:21.828 [main] INFO  TestCases.TC_002_ClickDropdown - ------Getting Sub Header & Hover menu Items ---
13:34:25.655 [main] INFO  TestCases.TC_002_ClickDropdown - browser closed successfully....
13:35:09.482 [main] INFO  TestCases.TC_002_ClickDropdown - chrome browser opened successfully
13:35:15.765 [main] INFO  TestCases.TC_002_ClickDropdown - Base Page loaded sucessfully.......
13:35:16.164 [main] INFO  TestCases.TC_002_ClickDropdown - ------Getting Header Items ---
13:35:18.309 [main] INFO  TestCases.TC_002_ClickDropdown - ------Getting Sub Header & Hover menu Items ---
13:39:00.170 [main] INFO  TestCases.TC_002_ClickDropdown - browser closed successfully....
16:42:42.670 [main] INFO  TestCases.TC_001_UserVerification - chrome browser opened successfully
16:42:45.072 [main] INFO  TestCases.TC_001_UserVerification - Base Page loaded sucessfully.......
16:43:59.424 [main] INFO  TestCases.TC_001_UserVerification - *****************Start the TC_001_UserVerification****************
16:43:59.425 [main] INFO  TestCases.TC_001_UserVerification - click on userdetail button..........
16:43:59.638 [main] INFO  TestCases.TC_001_UserVerification - screenshot is taken...
16:44:12.093 [main] INFO  TestCases.TC_001_UserVerification - browser closed successfully....
16:44:31.948 [main] INFO  TestCases.TC_001_UserVerification - chrome browser opened successfully
16:44:33.402 [main] INFO  TestCases.TC_001_UserVerification - Base Page loaded sucessfully.......
16:45:07.292 [main] INFO  TestCases.TC_001_UserVerification - *****************Start the TC_001_UserVerification****************
16:45:07.292 [main] INFO  TestCases.TC_001_UserVerification - click on userdetail button..........
